<?xml version="1.0" encoding="UTF-8"?>
<!-- Generated by org.testng.reporters.JUnitReportReporter -->
<testsuite hostname="BhavanaM" failures="0" tests="2" name="com.itview.testng.SoftAssertTest" time="8.884" errors="0" timestamp="2022-12-24T13:02:48 IST" skipped="0">
  <testcase classname="com.itview.testng.SoftAssertTest" name="loginAdminTest" time="4.838"/>
  <system-out/>
  <testcase classname="com.itview.testng.SoftAssertTest" name="logoutAdminTest" time="4.046"/>
  <system-out/>
</testsuite> <!-- com.itview.testng.SoftAssertTest -->
