<?xml version="1.0" encoding="UTF-8"?>
<!-- Generated by org.testng.reporters.JUnitReportReporter -->
<testsuite hostname="BhavanaM" failures="0" tests="2" name="com.itview.testng.PracHardassert" time="8.305" errors="0" timestamp="2022-12-27T19:33:55 IST" skipped="0">
  <testcase classname="com.itview.testng.PracHardassert" name="loginAdminTest" time="4.405"/>
  <system-out/>
  <testcase classname="com.itview.testng.PracHardassert" name="logoutAdminTest" time="3.900"/>
  <system-out/>
</testsuite> <!-- com.itview.testng.PracHardassert -->
