<?xml version="1.0" encoding="UTF-8"?>
<!-- Generated by org.testng.reporters.JUnitReportReporter -->
<testsuite hostname="BhavanaM" failures="0" tests="1" name="com.itview.testcases.LoginTestCase" time="4.253" errors="0" timestamp="2022-12-17T11:49:46 IST" skipped="0">
  <testcase classname="com.itview.testcases.LoginTestCase" name="f" time="4.253"/>
  <system-out/>
</testsuite> <!-- com.itview.testcases.LoginTestCase -->
